

*******************************************************************************
Thu Oct  2 10:36:16 2025


FIT:    data read from "dist3D_out.dat" u 1:($5-$10)
        format = x:z
        x range restricted to [-0.861475 : 17.4018]
        #datapoints = 175
        residuals are weighted equally (unit weight)

function used for fitting: a*exp(x/b)
BREAK: Need via and either parameter list or file

*******************************************************************************
Thu Oct  2 10:37:11 2025


FIT:    data read from "dist3D_out.dat" u 1:($5-$10)
        format = x:z
        x range restricted to [-0.861475 : 17.4018]
        #datapoints = 175
        residuals are weighted equally (unit weight)

function used for fitting: a*exp(x/b)
BREAK: Need via and either parameter list or file

*******************************************************************************
Thu Oct  2 10:50:57 2025


FIT:    data read from 'dist3D_out.dat' u 1:($5-$10)
        format = x:z
        #datapoints = 2001
        residuals are weighted equally (unit weight)

function used for fitting: a*exp(x/b)
fitted parameters initialized with current variable values


Current data point
=========================
#               = 1421 out of 2001
x               = 0.6            
z               = 2.42454        

Current set of parameters
=========================
a               = 0.6            
b               = 0.2            

BREAK: Undefined value during function evaluation

*******************************************************************************
Thu Oct  2 10:54:47 2025


FIT:    data read from 'dist3D_out.dat' u 1:($5-$10)
        format = x:z
        x range restricted to [0.00000 : 14000.0]
        #datapoints = 2001
        residuals are weighted equally (unit weight)

function used for fitting: a*exp(x/b)
fitted parameters initialized with current variable values

iter      chisq       delta/lim  lambda   a             b            
   0 2.8805049827e+174  0.00e+00  4.85e+87    1.000000e+00   1.000000e+00
   1 3.2062551671e+173 -7.98e+05  4.85e+86    9.999688e-01   1.005531e+00

The maximum lambda = 1.000000e+20 was exceeded. Fit stopped.
final sum of squares of residuals : 3.20626e+173
rel. change during last iteration : -7.98402

degrees of freedom    (FIT_NDF)                        : 1999
rms of residuals      (FIT_STDFIT) = sqrt(WSSR/ndf)    : 1.26646e+85
variance of residuals (reduced chisquare) = WSSR/ndf   : 1.60393e+170

Final set of parameters            Asymptotic Standard Error
=======================            ==========================
a               = 0.999969         +/- 9.829        (982.9%)
b               = 1.00553          +/- 0.05496      (5.466%)

correlation matrix of the fit parameters:
                a      b      
a               1.000 
b               1.000  1.000 


*******************************************************************************
Thu Oct  2 11:53:52 2025


FIT:    data read from 'dist3D_out.dat' u 1:($5-$10)
        format = x:z
        x range restricted to [0.00000 : 14.0000]
        #datapoints = 141
        residuals are weighted equally (unit weight)

function used for fitting: a*exp(x/b)
fitted parameters initialized with current variable values

iter      chisq       delta/lim  lambda   a             b            
   0 3.6035458470e+60   0.00e+00  7.61e+30    6.000000e-01   2.000000e-01
   1 4.7097795944e+59  -6.65e+05  7.61e+29    5.998663e-01   2.029618e-01

The maximum lambda = 1.000000e+20 was exceeded. Fit stopped.
final sum of squares of residuals : 4.70978e+59
rel. change during last iteration : -6.6512

degrees of freedom    (FIT_NDF)                        : 139
rms of residuals      (FIT_STDFIT) = sqrt(WSSR/ndf)    : 5.82094e+28
variance of residuals (reduced chisquare) = WSSR/ndf   : 3.38833e+57

Final set of parameters            Asymptotic Standard Error
=======================            ==========================
a               = 0.599866         +/- 7.527        (1255%)
b               = 0.202962         +/- 0.0384       (18.92%)

correlation matrix of the fit parameters:
                a      b      
a               1.000 
b               1.000  1.000 


*******************************************************************************
Thu Oct  2 12:02:57 2025


FIT:    data read from 'dist3D_out.dat' u 1:($5-$10)
        format = x:z
        x range restricted to [2.00000 : 14.0000]
        #datapoints = 121
        residuals are weighted equally (unit weight)

function used for fitting: a*exp(x/b)
fitted parameters initialized with current variable values

iter      chisq       delta/lim  lambda   a             b            
   0 1.5489022798e+01   0.00e+00  2.32e+00    2.000000e-02   3.000000e+00
   7 1.1383952434e+01  -1.89e-01  2.32e-07    1.104074e-01   5.478334e+00

After 7 iterations the fit converged.
final sum of squares of residuals : 11.384
rel. change during last iteration : -1.89263e-06

degrees of freedom    (FIT_NDF)                        : 119
rms of residuals      (FIT_STDFIT) = sqrt(WSSR/ndf)    : 0.309295
variance of residuals (reduced chisquare) = WSSR/ndf   : 0.0956635

Final set of parameters            Asymptotic Standard Error
=======================            ==========================
a               = 0.110407         +/- 0.02246      (20.34%)
b               = 5.47833          +/- 0.5227       (9.542%)

correlation matrix of the fit parameters:
                a      b      
a               1.000 
b               0.979  1.000 
